<?xml version="1.0" encoding="UTF-8"?>
<testsuite xmlns:xsi="http://www.w3.org/2001/XMLSchema-instance" xsi:noNamespaceSchemaLocation="https://maven.apache.org/surefire/maven-surefire-plugin/xsd/surefire-test-report-3.0.xsd" version="3.0" name="com.bencodez.votifierplus.tests.VoteReceiverThrottleTest" time="0.462" tests="8" errors="0" skipped="0" failures="0">
  <properties>
[...]
</properties>
  <testcase name="testTunnelModeDetection" classname="com.bencodez.votifierplus.tests.VoteReceiverThrottleTest" time="0.0"/>
  <testcase name="testLogLimiterSuppressesWithinWindowAndReportsSuppressedCount" classname="com.bencodez.votifierplus.tests.VoteReceiverThrottleTest" time="0.253"/>
  <testcase name="testThrottleHardBlocksAfterThresholdWithinWindow" classname="com.bencodez.votifierplus.tests.VoteReceiverThrottleTest" time="0.001"/>
  <testcase name="testThrottleUsesTunnelThresholdsWhenTunnelModeTrue" classname="com.bencodez.votifierplus.tests.VoteReceiverThrottleTest" time="0.001"/>
  <testcase name="testSuccessResetsFailureCounter" classname="com.bencodez.votifierplus.tests.VoteReceiverThrottleTest" time="0.001"/>
  <testcase name="testPerClientBanOnlyWhenRealIpKnown" classname="com.bencodez.votifierplus.tests.VoteReceiverThrottleTest" time="0.001"/>
  <testcase name="testLogLimiterIndependentKeys" classname="com.bencodez.votifierplus.tests.VoteReceiverThrottleTest" time="0.0"/>
  <testcase name="testWindowExpiryResetsFailureCounter" classname="com.bencodez.votifierplus.tests.VoteReceiverThrottleTest" time="0.201"/>
</testsuite>